# JRE version: Java(TM) SE Runtime Environment (8.0_25-b18) (build 1.8.0_25-b18)
# Java VM: Java HotSpot(TM) 64-Bit Server VM (25.25-b02 mixed mode windows-amd64 compressed oops)
Heap:
 PSYoungGen      total 53760K, used 51600K [0x00000007bc400000, 0x00000007c0000000, 0x00000007c0000000)
  eden space 46080K, 97% used [0x00000007bc400000,0x00000007befabe10,0x00000007bf100000)
  from space 7680K, 89% used [0x00000007bf880000,0x00000007bff385a8,0x00000007c0000000)
  to   space 7680K, 0% used [0x00000007bf100000,0x00000007bf100000,0x00000007bf880000)
 ParOldGen       total 90624K, used 12199K [0x0000000700000000, 0x0000000705880000, 0x00000007bc400000)
  object space 90624K, 13% used [0x0000000700000000,0x0000000700be9cd8,0x0000000705880000)
 Metaspace       used 31165K, capacity 31475K, committed 31920K, reserved 1077248K
  class space    used 4341K, capacity 4416K, committed 4528K, reserved 1048576K
GC Heap History (10 events):
Event: 2.775 GC heap before
{Heap before GC invocations=1 (full 0):
 PSYoungGen      total 53760K, used 46080K [0x00000007bc400000, 0x00000007c0000000, 0x00000007c0000000)
  eden space 46080K, 100% used [0x00000007bc400000,0x00000007bf100000,0x00000007bf100000)
  from space 7680K, 0% used [0x00000007bf880000,0x00000007bf880000,0x00000007c0000000)
  to   space 7680K, 0% used [0x00000007bf100000,0x00000007bf100000,0x00000007bf880000)
 ParOldGen       total 69632K, used 0K [0x0000000700000000, 0x0000000704400000, 0x00000007bc400000)
  object space 69632K, 0% used [0x0000000700000000,0x0000000700000000,0x0000000704400000)
 Metaspace       used 11376K, capacity 11524K, committed 11776K, reserved 1060864K
  class space    used 1146K, capacity 1191K, committed 1280K, reserved 1048576K
Event: 2.782 GC heap after
Heap after GC invocations=1 (full 0):
 PSYoungGen      total 53760K, used 7649K [0x00000007bc400000, 0x00000007c0000000, 0x00000007c0000000)
  eden space 46080K, 0% used [0x00000007bc400000,0x00000007bc400000,0x00000007bf100000)
  from space 7680K, 99% used [0x00000007bf100000,0x00000007bf878588,0x00000007bf880000)
  to   space 7680K, 0% used [0x00000007bf880000,0x00000007bf880000,0x00000007c0000000)
 ParOldGen       total 69632K, used 514K [0x0000000700000000, 0x0000000704400000, 0x00000007bc400000)
  object space 69632K, 0% used [0x0000000700000000,0x0000000700080be8,0x0000000704400000)
 Metaspace       used 11376K, capacity 11524K, committed 11776K, reserved 1060864K
  class space    used 1146K, capacity 1191K, committed 1280K, reserved 1048576K
}
Event: 5.335 GC heap before
{Heap before GC invocations=2 (full 0):
 PSYoungGen      total 53760K, used 53729K [0x00000007bc400000, 0x00000007c0000000, 0x00000007c0000000)
  eden space 46080K, 100% used [0x00000007bc400000,0x00000007bf100000,0x00000007bf100000)
  from space 7680K, 99% used [0x00000007bf100000,0x00000007bf878588,0x00000007bf880000)
  to   space 7680K, 0% used [0x00000007bf880000,0x00000007bf880000,0x00000007c0000000)
 ParOldGen       total 69632K, used 514K [0x0000000700000000, 0x0000000704400000, 0x00000007bc400000)
  object space 69632K, 0% used [0x0000000700000000,0x0000000700080be8,0x0000000704400000)
 Metaspace       used 20012K, capacity 20198K, committed 20480K, reserved 1067008K
  class space    used 2429K, capacity 2477K, committed 2560K, reserved 1048576K
Event: 5.350 GC heap after
Heap after GC invocations=2 (full 0):
 PSYoungGen      total 53760K, used 7650K [0x00000007bc400000, 0x00000007c0000000, 0x00000007c0000000)
  eden space 46080K, 0% used [0x00000007bc400000,0x00000007bc400000,0x00000007bf100000)
  from space 7680K, 99% used [0x00000007bf880000,0x00000007bfff8860,0x00000007c0000000)
  to   space 7680K, 0% used [0x00000007bf100000,0x00000007bf100000,0x00000007bf880000)
 ParOldGen       total 69632K, used 7221K [0x0000000700000000, 0x0000000704400000, 0x00000007bc400000)
  object space 69632K, 10% used [0x0000000700000000,0x000000070070d500,0x0000000704400000)
 Metaspace       used 20012K, capacity 20198K, committed 20480K, reserved 1067008K
  class space    used 2429K, capacity 2477K, committed 2560K, reserved 1048576K
}
Event: 5.553 GC heap before
{Heap before GC invocations=3 (full 0):
 PSYoungGen      total 53760K, used 18409K [0x00000007bc400000, 0x00000007c0000000, 0x00000007c0000000)
  eden space 46080K, 23% used [0x00000007bc400000,0x00000007bce81ec8,0x00000007bf100000)
  from space 7680K, 99% used [0x00000007bf880000,0x00000007bfff8860,0x00000007c0000000)
  to   space 7680K, 0% used [0x00000007bf100000,0x00000007bf100000,0x00000007bf880000)
 ParOldGen       total 69632K, used 7221K [0x0000000700000000, 0x0000000704400000, 0x00000007bc400000)
  object space 69632K, 10% used [0x0000000700000000,0x000000070070d500,0x0000000704400000)
 Metaspace       used 20972K, capacity 21158K, committed 21296K, reserved 1069056K
  class space    used 2569K, capacity 2605K, committed 2608K, reserved 1048576K
Event: 5.560 GC heap after
Heap after GC invocations=3 (full 0):
 PSYoungGen      total 53760K, used 7677K [0x00000007bc400000, 0x00000007c0000000, 0x00000007c0000000)
  eden space 46080K, 0% used [0x00000007bc400000,0x00000007bc400000,0x00000007bf100000)
  from space 7680K, 99% used [0x00000007bf100000,0x00000007bf87f740,0x00000007bf880000)
  to   space 7680K, 0% used [0x00000007bf880000,0x00000007bf880000,0x00000007c0000000)
 ParOldGen       total 69632K, used 7713K [0x0000000700000000, 0x0000000704400000, 0x00000007bc400000)
  object space 69632K, 11% used [0x0000000700000000,0x0000000700788748,0x0000000704400000)
 Metaspace       used 20972K, capacity 21158K, committed 21296K, reserved 1069056K
  class space    used 2569K, capacity 2605K, committed 2608K, reserved 1048576K
}
Event: 5.560 GC heap before
{Heap before GC invocations=4 (full 1):
 PSYoungGen      total 53760K, used 7677K [0x00000007bc400000, 0x00000007c0000000, 0x00000007c0000000)
  eden space 46080K, 0% used [0x00000007bc400000,0x00000007bc400000,0x00000007bf100000)
  from space 7680K, 99% used [0x00000007bf100000,0x00000007bf87f740,0x00000007bf880000)
  to   space 7680K, 0% used [0x00000007bf880000,0x00000007bf880000,0x00000007c0000000)
 ParOldGen       total 69632K, used 7713K [0x0000000700000000, 0x0000000704400000, 0x00000007bc400000)
  object space 69632K, 11% used [0x0000000700000000,0x0000000700788748,0x0000000704400000)
 Metaspace       used 20972K, capacity 21158K, committed 21296K, reserved 1069056K
  class space    used 2569K, capacity 2605K, committed 2608K, reserved 1048576K
Event: 5.639 GC heap after
Heap after GC invocations=4 (full 1):
 PSYoungGen      total 53760K, used 0K [0x00000007bc400000, 0x00000007c0000000, 0x00000007c0000000)
  eden space 46080K, 0% used [0x00000007bc400000,0x00000007bc400000,0x00000007bf100000)
  from space 7680K, 0% used [0x00000007bf100000,0x00000007bf100000,0x00000007bf880000)
  to   space 7680K, 0% used [0x00000007bf880000,0x00000007bf880000,0x00000007c0000000)
 ParOldGen       total 90624K, used 12191K [0x0000000700000000, 0x0000000705880000, 0x00000007bc400000)
  object space 90624K, 13% used [0x0000000700000000,0x0000000700be7cd8,0x0000000705880000)
 Metaspace       used 20970K, capacity 21156K, committed 21296K, reserved 1069056K
  class space    used 2568K, capacity 2604K, committed 2608K, reserved 1048576K
}
Event: 6.784 GC heap before
{Heap before GC invocations=5 (full 1):
 PSYoungGen      total 53760K, used 46080K [0x00000007bc400000, 0x00000007c0000000, 0x00000007c0000000)
  eden space 46080K, 100% used [0x00000007bc400000,0x00000007bf100000,0x00000007bf100000)
  from space 7680K, 0% used [0x00000007bf100000,0x00000007bf100000,0x00000007bf880000)
  to   space 7680K, 0% used [0x00000007bf880000,0x00000007bf880000,0x00000007c0000000)
 ParOldGen       total 90624K, used 12191K [0x0000000700000000, 0x0000000705880000, 0x00000007bc400000)
  object space 90624K, 13% used [0x0000000700000000,0x0000000700be7cd8,0x0000000705880000)
 Metaspace       used 24739K, capacity 25048K, committed 25392K, reserved 1071104K
  class space    used 3201K, capacity 3257K, committed 3376K, reserved 1048576K
Event: 6.792 GC heap after
Heap after GC invocations=5 (full 1):
 PSYoungGen      total 53760K, used 6881K [0x00000007bc400000, 0x00000007c0000000, 0x00000007c0000000)
  eden space 46080K, 0% used [0x00000007bc400000,0x00000007bc400000,0x00000007bf100000)
  from space 7680K, 89% used [0x00000007bf880000,0x00000007bff385a8,0x00000007c0000000)
  to   space 7680K, 0% used [0x00000007bf100000,0x00000007bf100000,0x00000007bf880000)
 ParOldGen       total 90624K, used 12199K [0x0000000700000000, 0x0000000705880000, 0x00000007bc400000)
  object space 90624K, 13% used [0x0000000700000000,0x0000000700be9cd8,0x0000000705880000)
 Metaspace       used 24739K, capacity 25048K, committed 25392K, reserved 1071104K
  class space    used 3201K, capacity 3257K, committed 3376K, reserved 1048576K
}

