# JRE version: Java(TM) SE Runtime Environment (8.0_25-b18) (build 1.8.0_25-b18)
# Java VM: Java HotSpot(TM) 64-Bit Server VM (25.25-b02 mixed mode windows-amd64 compressed oops)
Heap:
 PSYoungGen      total 40960K, used 13930K [0x00000007bc400000, 0x00000007c0000000, 0x00000007c0000000)
  eden space 20480K, 21% used [0x00000007bc400000,0x00000007bc83c780,0x00000007bd800000)
  from space 20480K, 46% used [0x00000007bec00000,0x00000007bf55e450,0x00000007c0000000)
  to   space 20480K, 0% used [0x00000007bd800000,0x00000007bd800000,0x00000007bec00000)
 ParOldGen       total 148992K, used 102095K [0x0000000700000000, 0x0000000709180000, 0x00000007bc400000)
  object space 148992K, 68% used [0x0000000700000000,0x00000007063b3f30,0x0000000709180000)
 Metaspace       used 59371K, capacity 59695K, committed 60160K, reserved 1101824K
  class space    used 8595K, capacity 8666K, committed 8704K, reserved 1048576K
GC Heap History (10 events):
Event: 5361.415 GC heap before
{Heap before GC invocations=152 (full 8):
 PSYoungGen      total 41984K, used 41896K [0x00000007bc400000, 0x00000007c0000000, 0x00000007c0000000)
  eden space 29696K, 100% used [0x00000007bc400000,0x00000007be100000,0x00000007be100000)
  from space 12288K, 99% used [0x00000007be100000,0x00000007becea338,0x00000007bed00000)
  to   space 16896K, 0% used [0x00000007bef80000,0x00000007bef80000,0x00000007c0000000)
 ParOldGen       total 148992K, used 93005K [0x0000000700000000, 0x0000000709180000, 0x00000007bc400000)
  object space 148992K, 62% used [0x0000000700000000,0x0000000705ad34a8,0x0000000709180000)
 Metaspace       used 59357K, capacity 59695K, committed 60160K, reserved 1101824K
  class space    used 8595K, capacity 8666K, committed 8704K, reserved 1048576K
Event: 5361.423 GC heap after
Heap after GC invocations=152 (full 8):
 PSYoungGen      total 41472K, used 13347K [0x00000007bc400000, 0x00000007c0000000, 0x00000007c0000000)
  eden space 24576K, 0% used [0x00000007bc400000,0x00000007bc400000,0x00000007bdc00000)
  from space 16896K, 78% used [0x00000007bef80000,0x00000007bfc88c08,0x00000007c0000000)
  to   space 18432K, 0% used [0x00000007bdc00000,0x00000007bdc00000,0x00000007bee00000)
 ParOldGen       total 148992K, used 94156K [0x0000000700000000, 0x0000000709180000, 0x00000007bc400000)
  object space 148992K, 63% used [0x0000000700000000,0x0000000705bf3368,0x0000000709180000)
 Metaspace       used 59357K, capacity 59695K, committed 60160K, reserved 1101824K
  class space    used 8595K, capacity 8666K, committed 8704K, reserved 1048576K
}
Event: 5361.553 GC heap before
{Heap before GC invocations=153 (full 8):
 PSYoungGen      total 41472K, used 37923K [0x00000007bc400000, 0x00000007c0000000, 0x00000007c0000000)
  eden space 24576K, 100% used [0x00000007bc400000,0x00000007bdc00000,0x00000007bdc00000)
  from space 16896K, 78% used [0x00000007bef80000,0x00000007bfc88c08,0x00000007c0000000)
  to   space 18432K, 0% used [0x00000007bdc00000,0x00000007bdc00000,0x00000007bee00000)
 ParOldGen       total 148992K, used 94156K [0x0000000700000000, 0x0000000709180000, 0x00000007bc400000)
  object space 148992K, 63% used [0x0000000700000000,0x0000000705bf3368,0x0000000709180000)
 Metaspace       used 59357K, capacity 59695K, committed 60160K, reserved 1101824K
  class space    used 8595K, capacity 8666K, committed 8704K, reserved 1048576K
Event: 5361.562 GC heap after
Heap after GC invocations=153 (full 8):
 PSYoungGen      total 39936K, used 15186K [0x00000007bc400000, 0x00000007c0000000, 0x00000007c0000000)
  eden space 24576K, 0% used [0x00000007bc400000,0x00000007bc400000,0x00000007bdc00000)
  from space 15360K, 98% used [0x00000007bdc00000,0x00000007bead4bf8,0x00000007beb00000)
  to   space 19968K, 0% used [0x00000007bec80000,0x00000007bec80000,0x00000007c0000000)
 ParOldGen       total 148992K, used 94543K [0x0000000700000000, 0x0000000709180000, 0x00000007bc400000)
  object space 148992K, 63% used [0x0000000700000000,0x0000000705c53f20,0x0000000709180000)
 Metaspace       used 59357K, capacity 59695K, committed 60160K, reserved 1101824K
  class space    used 8595K, capacity 8666K, committed 8704K, reserved 1048576K
}
Event: 5361.705 GC heap before
{Heap before GC invocations=154 (full 8):
 PSYoungGen      total 39936K, used 39762K [0x00000007bc400000, 0x00000007c0000000, 0x00000007c0000000)
  eden space 24576K, 100% used [0x00000007bc400000,0x00000007bdc00000,0x00000007bdc00000)
  from space 15360K, 98% used [0x00000007bdc00000,0x00000007bead4bf8,0x00000007beb00000)
  to   space 19968K, 0% used [0x00000007bec80000,0x00000007bec80000,0x00000007c0000000)
 ParOldGen       total 148992K, used 94543K [0x0000000700000000, 0x0000000709180000, 0x00000007bc400000)
  object space 148992K, 63% used [0x0000000700000000,0x0000000705c53f20,0x0000000709180000)
 Metaspace       used 59357K, capacity 59695K, committed 60160K, reserved 1101824K
  class space    used 8595K, capacity 8666K, committed 8704K, reserved 1048576K
Event: 5361.713 GC heap after
Heap after GC invocations=154 (full 8):
 PSYoungGen      total 40448K, used 15698K [0x00000007bc400000, 0x00000007c0000000, 0x00000007c0000000)
  eden space 20480K, 0% used [0x00000007bc400000,0x00000007bc400000,0x00000007bd800000)
  from space 19968K, 78% used [0x00000007bec80000,0x00000007bfbd4bf8,0x00000007c0000000)
  to   space 20480K, 0% used [0x00000007bd800000,0x00000007bd800000,0x00000007bec00000)
 ParOldGen       total 148992K, used 94599K [0x0000000700000000, 0x0000000709180000, 0x00000007bc400000)
  object space 148992K, 63% used [0x0000000700000000,0x0000000705c61f20,0x0000000709180000)
 Metaspace       used 59357K, capacity 59695K, committed 60160K, reserved 1101824K
  class space    used 8595K, capacity 8666K, committed 8704K, reserved 1048576K
}
Event: 5361.813 GC heap before
{Heap before GC invocations=155 (full 8):
 PSYoungGen      total 40448K, used 36178K [0x00000007bc400000, 0x00000007c0000000, 0x00000007c0000000)
  eden space 20480K, 100% used [0x00000007bc400000,0x00000007bd800000,0x00000007bd800000)
  from space 19968K, 78% used [0x00000007bec80000,0x00000007bfbd4bf8,0x00000007c0000000)
  to   space 20480K, 0% used [0x00000007bd800000,0x00000007bd800000,0x00000007bec00000)
 ParOldGen       total 148992K, used 94599K [0x0000000700000000, 0x0000000709180000, 0x00000007bc400000)
  object space 148992K, 63% used [0x0000000700000000,0x0000000705c61f20,0x0000000709180000)
 Metaspace       used 59357K, capacity 59695K, committed 60160K, reserved 1101824K
  class space    used 8595K, capacity 8666K, committed 8704K, reserved 1048576K
Event: 5361.821 GC heap after
Heap after GC invocations=155 (full 8):
 PSYoungGen      total 40960K, used 14194K [0x00000007bc400000, 0x00000007c0000000, 0x00000007c0000000)
  eden space 20480K, 0% used [0x00000007bc400000,0x00000007bc400000,0x00000007bd800000)
  from space 20480K, 69% used [0x00000007bd800000,0x00000007be5dcbf8,0x00000007bec00000)
  to   space 20480K, 0% used [0x00000007bec00000,0x00000007bec00000,0x00000007c0000000)
 ParOldGen       total 148992K, used 98231K [0x0000000700000000, 0x0000000709180000, 0x00000007bc400000)
  object space 148992K, 65% used [0x0000000700000000,0x0000000705fedf30,0x0000000709180000)
 Metaspace       used 59357K, capacity 59695K, committed 60160K, reserved 1101824K
  class space    used 8595K, capacity 8666K, committed 8704K, reserved 1048576K
}
Event: 5361.975 GC heap before
{Heap before GC invocations=156 (full 8):
 PSYoungGen      total 40960K, used 34674K [0x00000007bc400000, 0x00000007c0000000, 0x00000007c0000000)
  eden space 20480K, 100% used [0x00000007bc400000,0x00000007bd800000,0x00000007bd800000)
  from space 20480K, 69% used [0x00000007bd800000,0x00000007be5dcbf8,0x00000007bec00000)
  to   space 20480K, 0% used [0x00000007bec00000,0x00000007bec00000,0x00000007c0000000)
 ParOldGen       total 148992K, used 98231K [0x0000000700000000, 0x0000000709180000, 0x00000007bc400000)
  object space 148992K, 65% used [0x0000000700000000,0x0000000705fedf30,0x0000000709180000)
 Metaspace       used 59358K, capacity 59695K, committed 60160K, reserved 1101824K
  class space    used 8595K, capacity 8666K, committed 8704K, reserved 1048576K
Event: 5361.982 GC heap after
Heap after GC invocations=156 (full 8):
 PSYoungGen      total 40960K, used 9593K [0x00000007bc400000, 0x00000007c0000000, 0x00000007c0000000)
  eden space 20480K, 0% used [0x00000007bc400000,0x00000007bc400000,0x00000007bd800000)
  from space 20480K, 46% used [0x00000007bec00000,0x00000007bf55e450,0x00000007c0000000)
  to   space 20480K, 0% used [0x00000007bd800000,0x00000007bd800000,0x00000007bec00000)
 ParOldGen       total 148992K, used 102095K [0x0000000700000000, 0x0000000709180000, 0x00000007bc400000)
  object space 148992K, 68% used [0x0000000700000000,0x00000007063b3f30,0x0000000709180000)
 Metaspace       used 59358K, capacity 59695K, committed 60160K, reserved 1101824K
  class space    used 8595K, capacity 8666K, committed 8704K, reserved 1048576K
}

